Source Files
../../../Binaries/Linky_Ota_OM15081R2/obj/app_main.o ../../../Linky/Source/app_main.c
../../../Binaries/Linky_Ota_OM15081R2/obj/pdum_gen.o ../../../Linky/Source/pdum_gen.c
../../../Binaries/Linky_Ota_OM15081R2/obj/pdum_apdu.o ../../../Linky/Source/pdum_apdu.S
../../../Binaries/Linky_Ota_OM15081R2/obj/zps_gen.o ../../../Linky/Source/zps_gen.c
../../../Binaries/Linky_Ota_OM15081R2/obj/app_reporting.o ../../../Linky/Source/app_reporting.c
../../../Binaries/Linky_Ota_OM15081R2/obj/app_start_sensor.o ../../../Linky/Source/app_start_sensor.c
../../../Binaries/Linky_Ota_OM15081R2/obj/App_Linky.o ../../../Linky/Source/App_Linky.c
../../../Binaries/Linky_Ota_OM15081R2/obj/app_zlo_sensor_node.o ../../../Linky/Source/app_zlo_sensor_node.c
../../../Binaries/Linky_Ota_OM15081R2/obj/app_zcl_sensor_task.o ../../../Linky/Source/app_zcl_sensor_task.c
../../../Binaries/Linky_Ota_OM15081R2/obj/app_linky_buttons.o ../../../Linky/Source/app_linky_buttons.c
../../../Binaries/Linky_Ota_OM15081R2/obj/app_linky_state_machine.o ../../../Linky/Source/app_linky_state_machine.c
../../../Binaries/Linky_Ota_OM15081R2/obj/LixeeCluster.o ../../../Linky/Source/LixeeCluster.c
../../../Binaries/Linky_Ota_OM15081R2/obj/meter_identification.o ../../../Linky/Source/meter_identification.c
../../../Binaries/Linky_Ota_OM15081R2/obj/app_nwk_event_handler.o ../../../Linky/Source/app_nwk_event_handler.c
../../../Binaries/Linky_Ota_OM15081R2/obj/app_event_handler.o ../../../Linky/Source/app_event_handler.c
../../../Binaries/Linky_Ota_OM15081R2/obj/app_power_on_counter.o ../../../Linky/Source/app_power_on_counter.c
../../../Binaries/Linky_Ota_OM15081R2/obj/app_zcl_tick_handler.o ../../../Linky/Source/app_zcl_tick_handler.c
../../../Binaries/Linky_Ota_OM15081R2/obj/app_blink_led.o ../../../Linky/Source/app_blink_led.c
../../../Binaries/Linky_Ota_OM15081R2/obj/ElectricalMeasurement.o ../../../Linky/SDK_2.6.3_JN5189DK6/middleware/wireless/zigbee/ZCL/Clusters/MeasurementAndSensing/Source/ElectricalMeasurement.c
../../../Binaries/Linky_Ota_OM15081R2/obj/SimpleMetering.o ../../../Linky/SDK_2.6.3_JN5189DK6/middleware/wireless/zigbee/ZCL/Clusters/SmartEnergy/Source/SimpleMetering.c
../../../Binaries/Linky_Ota_OM15081R2/obj/linky_sensor.o ../../../Linky/SDK_2.6.3_JN5189DK6/middleware/wireless/zigbee/ZCL/Devices/ZHA/SmartEnergy/Source/linky_sensor.c
../../../Binaries/Linky_Ota_OM15081R2/obj/zcl.o ../../../Linky/SDK_2.6.3_JN5189DK6/middleware/wireless/zigbee/ZCIF/Source/zcl.c
../../../Binaries/Linky_Ota_OM15081R2/obj/zcl_PDUbufferReadWrite.o ../../../Linky/SDK_2.6.3_JN5189DK6/middleware/wireless/zigbee/ZCIF/Source/zcl_PDUbufferReadWrite.c
../../../Binaries/Linky_Ota_OM15081R2/obj/zcl_readAttributesRequestHandle.o ../../../Linky/SDK_2.6.3_JN5189DK6/middleware/wireless/zigbee/ZCIF/Source/zcl_readAttributesRequestHandle.c
../../../Binaries/Linky_Ota_OM15081R2/obj/bdb_ns.o ../../../Linky/SDK_2.6.3_JN5189DK6/middleware/wireless/zigbee/BDB/Source/NwkSteering/bdb_ns.c
../../../Binaries/Linky_Ota_OM15081R2/obj/App_Linky.o ../../../Linky/Source/App_Linky.c
