Source Files
../../../Binaries/Linky_OM15081R2/obj/app_main.o ../../../Linky/Source/app_main.c
../../../Binaries/Linky_OM15081R2/obj/port_JN518x.o ../../../Linky/SDK_2.6.3_JN5189DK6/middleware/wireless/zigbee/ZigbeeCommon/Source/port_JN518x.c
../../../Binaries/Linky_OM15081R2/obj/pdum_gen.o ../../../Linky/Source/pdum_gen.c
../../../Binaries/Linky_OM15081R2/obj/pdum_apdu.o ../../../Linky/Source/pdum_apdu.S
../../../Binaries/Linky_OM15081R2/obj/zps_gen.o ../../../Linky/Source/zps_gen.c
../../../Binaries/Linky_OM15081R2/obj/app_pdm.o ../../../Common/Source/app_pdm.c
../../../Binaries/Linky_OM15081R2/obj/app_reporting.o ../../../Linky/Source/app_reporting.c
../../../Binaries/Linky_OM15081R2/obj/app_start_sensor.o ../../../Linky/Source/app_start_sensor.c
../../../Binaries/Linky_OM15081R2/obj/App_Linky.o ../../../Linky/Source/App_Linky.c
../../../Binaries/Linky_OM15081R2/obj/app_zlo_sensor_node.o ../../../Linky/Source/app_zlo_sensor_node.c
../../../Binaries/Linky_OM15081R2/obj/app_zcl_sensor_task.o ../../../Linky/Source/app_zcl_sensor_task.c
../../../Binaries/Linky_OM15081R2/obj/app_linky_buttons.o ../../../Linky/Source/app_linky_buttons.c
../../../Binaries/Linky_OM15081R2/obj/app_linky_state_machine.o ../../../Linky/Source/app_linky_state_machine.c
../../../Binaries/Linky_OM15081R2/obj/board_utility.o ../../../Common/Source/board/board_utility.c
../../../Binaries/Linky_OM15081R2/obj/app_uartlinky.o ../../../Common/Source/app_uartlinky.c
../../../Binaries/Linky_OM15081R2/obj/LixeeCluster.o ../../../Linky/Source/LixeeCluster.c
../../../Binaries/Linky_OM15081R2/obj/meter_identification.o ../../../Linky/Source/meter_identification.c
../../../Binaries/Linky_OM15081R2/obj/SMBus.o ../../../Common/Source/SMBus.c
../../../Binaries/Linky_OM15081R2/obj/TSL25721.o ../../../Common/Source/TSL25721.c
../../../Binaries/Linky_OM15081R2/obj/app_sleep_handler.o ../../../Linky/Source/app_sleep_handler.c
../../../Binaries/Linky_OM15081R2/obj/app_nwk_event_handler.o ../../../Linky/Source/app_nwk_event_handler.c
../../../Binaries/Linky_OM15081R2/obj/app_event_handler.o ../../../Linky/Source/app_event_handler.c
../../../Binaries/Linky_OM15081R2/obj/app_power_on_counter.o ../../../Linky/Source/app_power_on_counter.c
../../../Binaries/Linky_OM15081R2/obj/app_zcl_tick_handler.o ../../../Linky/Source/app_zcl_tick_handler.c
../../../Binaries/Linky_OM15081R2/obj/app_blink_led.o ../../../Linky/Source/app_blink_led.c
../../../Binaries/Linky_OM15081R2/obj/fsl_debug_console.o ../../../Linky/SDK_2.6.3_JN5189DK6/devices/JN5189/utilities/debug_console/fsl_debug_console.c
../../../Binaries/Linky_OM15081R2/obj/fsl_gpio.o ../../../Linky/SDK_2.6.3_JN5189DK6/devices/JN5189/drivers/fsl_gpio.c
../../../Binaries/Linky_OM15081R2/obj/fsl_gint.o ../../../Linky/SDK_2.6.3_JN5189DK6/devices/JN5189/drivers/fsl_gint.c
../../../Binaries/Linky_OM15081R2/obj/fsl_i2c.o ../../../Linky/SDK_2.6.3_JN5189DK6/devices/JN5189/drivers/fsl_i2c.c
../../../Binaries/Linky_OM15081R2/obj/hardware_init.o ../../../Common/Source/board/hardware_init.c
../../../Binaries/Linky_OM15081R2/obj/pin_mux.o ../../../Common/Source/board/pin_mux.c
../../../Binaries/Linky_OM15081R2/obj/temp_sensor_drv.o ../../../Common/Source/board/temp_sensor_drv.c
../../../Binaries/Linky_OM15081R2/obj/fsl_adc.o ../../../Linky/SDK_2.6.3_JN5189DK6/devices/JN5189/drivers/fsl_adc.c
../../../Binaries/Linky_OM15081R2/obj/ZQueue.o ../../../Linky/SDK_2.6.3_JN5189DK6/middleware/wireless/zigbee/ZigbeeCommon/Source/ZQueue.c
../../../Binaries/Linky_OM15081R2/obj/ZTimer.o ../../../Linky/SDK_2.6.3_JN5189DK6/middleware/wireless/zigbee/ZigbeeCommon/Source/ZTimer.c
../../../Binaries/Linky_OM15081R2/obj/app_zps_link_keys.o ../../../Linky/SDK_2.6.3_JN5189DK6/middleware/wireless/zigbee/ZigbeeCommon/Source/app_zps_link_keys.c
../../../Binaries/Linky_OM15081R2/obj/appZdpExtraction.o ../../../Linky/SDK_2.6.3_JN5189DK6/middleware/wireless/zigbee/ZigbeeCommon/Source/appZdpExtraction.c
../../../Binaries/Linky_OM15081R2/obj/appZpsBeaconHandler.o ../../../Linky/SDK_2.6.3_JN5189DK6/middleware/wireless/zigbee/ZigbeeCommon/Source/appZpsBeaconHandler.c
../../../Binaries/Linky_OM15081R2/obj/appZpsExtendedDebug.o ../../../Linky/SDK_2.6.3_JN5189DK6/middleware/wireless/zigbee/ZigbeeCommon/Source/appZpsExtendedDebug.c
../../../Binaries/Linky_OM15081R2/obj/board.o ../../../Common/Source/board/board.c
../../../Binaries/Linky_OM15081R2/obj/clock_config.o ../../../Common/Source/board/clock_config.c
../../../Binaries/Linky_OM15081R2/obj/system_JN5189.o ../../../Linky/SDK_2.6.3_JN5189DK6/devices/JN5189/system_JN5189.c
../../../Binaries/Linky_OM15081R2/obj/startup_JN5189.o ../../../Linky/SDK_2.6.3_JN5189DK6/devices/JN5189/gcc/startup_JN5189.c
../../../Binaries/Linky_OM15081R2/obj/fsl_wwdt.o ../../../Linky/SDK_2.6.3_JN5189DK6/devices/JN5189/drivers/fsl_wwdt.c
../../../Binaries/Linky_OM15081R2/obj/fsl_clock.o ../../../Linky/SDK_2.6.3_JN5189DK6/devices/JN5189/drivers/fsl_clock.c
../../../Binaries/Linky_OM15081R2/obj/fsl_reset.o ../../../Linky/SDK_2.6.3_JN5189DK6/devices/JN5189/drivers/fsl_reset.c
../../../Binaries/Linky_OM15081R2/obj/fsl_rng.o ../../../Linky/SDK_2.6.3_JN5189DK6/devices/JN5189/drivers/fsl_rng.c
../../../Binaries/Linky_OM15081R2/obj/fsl_usart.o ../../../Linky/SDK_2.6.3_JN5189DK6/devices/JN5189/drivers/fsl_usart.c
../../../Binaries/Linky_OM15081R2/obj/fsl_flexcomm.o ../../../Linky/SDK_2.6.3_JN5189DK6/devices/JN5189/drivers/fsl_flexcomm.c
../../../Binaries/Linky_OM15081R2/obj/fsl_flash.o ../../../Linky/SDK_2.6.3_JN5189DK6/devices/JN5189/drivers/fsl_flash.c
../../../Binaries/Linky_OM15081R2/obj/fsl_common.o ../../../Linky/SDK_2.6.3_JN5189DK6/devices/JN5189/drivers/fsl_common.c
../../../Binaries/Linky_OM15081R2/obj/fsl_aes.o ../../../Linky/SDK_2.6.3_JN5189DK6/devices/JN5189/drivers/fsl_aes.c
../../../Binaries/Linky_OM15081R2/obj/fsl_power.o ../../../Linky/SDK_2.6.3_JN5189DK6/devices/JN5189/drivers/fsl_power.c
../../../Binaries/Linky_OM15081R2/obj/fsl_wtimer.o ../../../Linky/SDK_2.6.3_JN5189DK6/devices/JN5189/drivers/fsl_wtimer.c
../../../Binaries/Linky_OM15081R2/obj/fsl_inputmux.o ../../../Linky/SDK_2.6.3_JN5189DK6/devices/JN5189/drivers/fsl_inputmux.c
../../../Binaries/Linky_OM15081R2/obj/fsl_fmeas.o ../../../Linky/SDK_2.6.3_JN5189DK6/devices/JN5189/drivers/fsl_fmeas.c
../../../Binaries/Linky_OM15081R2/obj/Exceptions_NVIC.o ../../../Linky/SDK_2.6.3_JN5189DK6/middleware/wireless/framework/DebugExceptionHandlers_jn518x/src/Exceptions_NVIC.c
../../../Binaries/Linky_OM15081R2/obj/MicroExceptions_arm.o ../../../Linky/SDK_2.6.3_JN5189DK6/middleware/wireless/framework/DebugExceptionHandlers_jn518x/src/MicroExceptions_arm.c
../../../Binaries/Linky_OM15081R2/obj/Debug.o ../../../Linky/SDK_2.6.3_JN5189DK6/middleware/wireless/framework/DebugFifo/Source/Debug.c
../../../Binaries/Linky_OM15081R2/obj/FunctionLib.o ../../../Linky/SDK_2.6.3_JN5189DK6/middleware/wireless/framework/FunctionLib/FunctionLib.c
../../../Binaries/Linky_OM15081R2/obj/SecLib.o ../../../Linky/SDK_2.6.3_JN5189DK6/middleware/wireless/framework/SecLib/SecLib.c
../../../Binaries/Linky_OM15081R2/obj/RNG.o ../../../Linky/SDK_2.6.3_JN5189DK6/middleware/wireless/framework/RNG/Source/RNG.c
../../../Binaries/Linky_OM15081R2/obj/GenericList.o ../../../Linky/SDK_2.6.3_JN5189DK6/middleware/wireless/framework/Lists/GenericList.c
../../../Binaries/Linky_OM15081R2/obj/Messaging.o ../../../Linky/SDK_2.6.3_JN5189DK6/middleware/wireless/framework/Messaging/Source/Messaging.c
../../../Binaries/Linky_OM15081R2/obj/MemManager.o ../../../Linky/SDK_2.6.3_JN5189DK6/middleware/wireless/framework/MemManager/Source/MemManager.c
../../../Binaries/Linky_OM15081R2/obj/TimersManager.o ../../../Linky/SDK_2.6.3_JN5189DK6/middleware/wireless/framework/TimersManager/Source/TimersManager.c
../../../Binaries/Linky_OM15081R2/obj/TMR_Adapter.o ../../../Linky/SDK_2.6.3_JN5189DK6/middleware/wireless/framework/TimersManager/Source/TMR_Adapter.c
../../../Binaries/Linky_OM15081R2/obj/fsl_ctimer.o ../../../Linky/SDK_2.6.3_JN5189DK6/devices/JN5189/drivers/fsl_ctimer.c
../../../Binaries/Linky_OM15081R2/obj/fsl_rtc.o ../../../Linky/SDK_2.6.3_JN5189DK6/devices/JN5189/drivers/fsl_rtc.c
../../../Binaries/Linky_OM15081R2/obj/Panic.o ../../../Linky/SDK_2.6.3_JN5189DK6/middleware/wireless/framework/Panic/Source/Panic.c
../../../Binaries/Linky_OM15081R2/obj/fsl_dma.o ../../../Linky/SDK_2.6.3_JN5189DK6/devices/JN5189/drivers/fsl_dma.c
../../../Binaries/Linky_OM15081R2/obj/MicroInt_arm_sdk2.o ../../../Linky/SDK_2.6.3_JN5189DK6/middleware/wireless/framework/Common/MicroInt_arm_sdk2.c
../../../Binaries/Linky_OM15081R2/obj/PWR.o ../../../Linky/SDK_2.6.3_JN5189DK6/middleware/wireless/framework/LowPower/Source/jn5189dk6/PWR.c
../../../Binaries/Linky_OM15081R2/obj/PWR_setjmp.o ../../../Linky/SDK_2.6.3_JN5189DK6/middleware/wireless/framework/LowPower/Source/jn5189dk6/PWR_setjmp.S
../../../Binaries/Linky_OM15081R2/obj/PWRLib.o ../../../Linky/SDK_2.6.3_JN5189DK6/middleware/wireless/framework/LowPower/Source/jn5189dk6/PWRLib.c
../../../Binaries/Linky_OM15081R2/obj/GPIO_Adapter.o ../../../Linky/SDK_2.6.3_JN5189DK6/middleware/wireless/framework/GPIO/GPIO_Adapter.c
../../../Binaries/Linky_OM15081R2/obj/fsl_str.o ../../../Linky/SDK_2.6.3_JN5189DK6/devices/JN5189/utilities/str/fsl_str.c
../../../Binaries/Linky_OM15081R2/obj/serial_manager.o ../../../Linky/SDK_2.6.3_JN5189DK6/components/serial_manager/serial_manager.c
../../../Binaries/Linky_OM15081R2/obj/serial_port_uart.o ../../../Linky/SDK_2.6.3_JN5189DK6/components/serial_manager/serial_port_uart.c
../../../Binaries/Linky_OM15081R2/obj/usart_adapter.o ../../../Linky/SDK_2.6.3_JN5189DK6/components/uart/usart_adapter.c
../../../Binaries/Linky_OM15081R2/obj/fsl_assert.o ../../../Linky/SDK_2.6.3_JN5189DK6/devices/JN5189/utilities/fsl_assert.c
../../../Binaries/Linky_OM15081R2/obj/Heap.o ../../../Linky/SDK_2.6.3_JN5189DK6/middleware/wireless/framework/Common/Heap.c
../../../Binaries/Linky_OM15081R2/obj/fsl_os_abstraction_bm.o ../../../Linky/SDK_2.6.3_JN5189DK6/middleware/wireless/framework/OSAbstraction/Source/fsl_os_abstraction_bm.c
../../../Binaries/Linky_OM15081R2/obj/Alarms.o ../../../Linky/SDK_2.6.3_JN5189DK6/middleware/wireless/zigbee/ZCL/Clusters/General/Source/Alarms.c
../../../Binaries/Linky_OM15081R2/obj/AlarmsClientCommands.o ../../../Linky/SDK_2.6.3_JN5189DK6/middleware/wireless/zigbee/ZCL/Clusters/General/Source/AlarmsClientCommands.c
../../../Binaries/Linky_OM15081R2/obj/AlarmsCommandHandler.o ../../../Linky/SDK_2.6.3_JN5189DK6/middleware/wireless/zigbee/ZCL/Clusters/General/Source/AlarmsCommandHandler.c
../../../Binaries/Linky_OM15081R2/obj/AlarmsServerCommands.o ../../../Linky/SDK_2.6.3_JN5189DK6/middleware/wireless/zigbee/ZCL/Clusters/General/Source/AlarmsServerCommands.c
../../../Binaries/Linky_OM15081R2/obj/AlarmsTableManager.o ../../../Linky/SDK_2.6.3_JN5189DK6/middleware/wireless/zigbee/ZCL/Clusters/General/Source/AlarmsTableManager.c
../../../Binaries/Linky_OM15081R2/obj/AnalogInputBasic.o ../../../Linky/SDK_2.6.3_JN5189DK6/middleware/wireless/zigbee/ZCL/Clusters/General/Source/AnalogInputBasic.c
../../../Binaries/Linky_OM15081R2/obj/AnalogOutputBasic.o ../../../Linky/SDK_2.6.3_JN5189DK6/middleware/wireless/zigbee/ZCL/Clusters/General/Source/AnalogOutputBasic.c
../../../Binaries/Linky_OM15081R2/obj/Basic.o ../../../Linky/SDK_2.6.3_JN5189DK6/middleware/wireless/zigbee/ZCL/Clusters/General/Source/Basic.c
../../../Binaries/Linky_OM15081R2/obj/BasicClientCommands.o ../../../Linky/SDK_2.6.3_JN5189DK6/middleware/wireless/zigbee/ZCL/Clusters/General/Source/BasicClientCommands.c
../../../Binaries/Linky_OM15081R2/obj/BasicCommandHandler.o ../../../Linky/SDK_2.6.3_JN5189DK6/middleware/wireless/zigbee/ZCL/Clusters/General/Source/BasicCommandHandler.c
../../../Binaries/Linky_OM15081R2/obj/BinaryInputBasic.o ../../../Linky/SDK_2.6.3_JN5189DK6/middleware/wireless/zigbee/ZCL/Clusters/General/Source/BinaryInputBasic.c
../../../Binaries/Linky_OM15081R2/obj/BinaryOutputBasic.o ../../../Linky/SDK_2.6.3_JN5189DK6/middleware/wireless/zigbee/ZCL/Clusters/General/Source/BinaryOutputBasic.c
../../../Binaries/Linky_OM15081R2/obj/DeviceTemperatureConfiguration.o ../../../Linky/SDK_2.6.3_JN5189DK6/middleware/wireless/zigbee/ZCL/Clusters/General/Source/DeviceTemperatureConfiguration.c
../../../Binaries/Linky_OM15081R2/obj/Diagnostics.o ../../../Linky/SDK_2.6.3_JN5189DK6/middleware/wireless/zigbee/ZCL/Clusters/General/Source/Diagnostics.c
../../../Binaries/Linky_OM15081R2/obj/Groups.o ../../../Linky/SDK_2.6.3_JN5189DK6/middleware/wireless/zigbee/ZCL/Clusters/General/Source/Groups.c
../../../Binaries/Linky_OM15081R2/obj/GroupsClientCommands.o ../../../Linky/SDK_2.6.3_JN5189DK6/middleware/wireless/zigbee/ZCL/Clusters/General/Source/GroupsClientCommands.c
../../../Binaries/Linky_OM15081R2/obj/GroupsCommandHandler.o ../../../Linky/SDK_2.6.3_JN5189DK6/middleware/wireless/zigbee/ZCL/Clusters/General/Source/GroupsCommandHandler.c
../../../Binaries/Linky_OM15081R2/obj/GroupsServerCommands.o ../../../Linky/SDK_2.6.3_JN5189DK6/middleware/wireless/zigbee/ZCL/Clusters/General/Source/GroupsServerCommands.c
../../../Binaries/Linky_OM15081R2/obj/GroupsTableManager.o ../../../Linky/SDK_2.6.3_JN5189DK6/middleware/wireless/zigbee/ZCL/Clusters/General/Source/GroupsTableManager.c
../../../Binaries/Linky_OM15081R2/obj/Identify.o ../../../Linky/SDK_2.6.3_JN5189DK6/middleware/wireless/zigbee/ZCL/Clusters/General/Source/Identify.c
../../../Binaries/Linky_OM15081R2/obj/IdentifyClientCommands.o ../../../Linky/SDK_2.6.3_JN5189DK6/middleware/wireless/zigbee/ZCL/Clusters/General/Source/IdentifyClientCommands.c
../../../Binaries/Linky_OM15081R2/obj/IdentifyCommandHandler.o ../../../Linky/SDK_2.6.3_JN5189DK6/middleware/wireless/zigbee/ZCL/Clusters/General/Source/IdentifyCommandHandler.c
../../../Binaries/Linky_OM15081R2/obj/IdentifyServerCommands.o ../../../Linky/SDK_2.6.3_JN5189DK6/middleware/wireless/zigbee/ZCL/Clusters/General/Source/IdentifyServerCommands.c
../../../Binaries/Linky_OM15081R2/obj/LevelControl.o ../../../Linky/SDK_2.6.3_JN5189DK6/middleware/wireless/zigbee/ZCL/Clusters/General/Source/LevelControl.c
../../../Binaries/Linky_OM15081R2/obj/LevelControlClientCommands.o ../../../Linky/SDK_2.6.3_JN5189DK6/middleware/wireless/zigbee/ZCL/Clusters/General/Source/LevelControlClientCommands.c
../../../Binaries/Linky_OM15081R2/obj/LevelControlCommandHandler.o ../../../Linky/SDK_2.6.3_JN5189DK6/middleware/wireless/zigbee/ZCL/Clusters/General/Source/LevelControlCommandHandler.c
../../../Binaries/Linky_OM15081R2/obj/MultistateInputBasic.o ../../../Linky/SDK_2.6.3_JN5189DK6/middleware/wireless/zigbee/ZCL/Clusters/General/Source/MultistateInputBasic.c
../../../Binaries/Linky_OM15081R2/obj/MultistateOutputBasic.o ../../../Linky/SDK_2.6.3_JN5189DK6/middleware/wireless/zigbee/ZCL/Clusters/General/Source/MultistateOutputBasic.c
../../../Binaries/Linky_OM15081R2/obj/OOSC.o ../../../Linky/SDK_2.6.3_JN5189DK6/middleware/wireless/zigbee/ZCL/Clusters/General/Source/OOSC.c
../../../Binaries/Linky_OM15081R2/obj/OnOff.o ../../../Linky/SDK_2.6.3_JN5189DK6/middleware/wireless/zigbee/ZCL/Clusters/General/Source/OnOff.c
../../../Binaries/Linky_OM15081R2/obj/OnOffCommandHandler.o ../../../Linky/SDK_2.6.3_JN5189DK6/middleware/wireless/zigbee/ZCL/Clusters/General/Source/OnOffCommandHandler.c
../../../Binaries/Linky_OM15081R2/obj/OnOffCommands.o ../../../Linky/SDK_2.6.3_JN5189DK6/middleware/wireless/zigbee/ZCL/Clusters/General/Source/OnOffCommands.c
../../../Binaries/Linky_OM15081R2/obj/PollControl.o ../../../Linky/SDK_2.6.3_JN5189DK6/middleware/wireless/zigbee/ZCL/Clusters/General/Source/PollControl.c
../../../Binaries/Linky_OM15081R2/obj/PollControlClientCommands.o ../../../Linky/SDK_2.6.3_JN5189DK6/middleware/wireless/zigbee/ZCL/Clusters/General/Source/PollControlClientCommands.c
../../../Binaries/Linky_OM15081R2/obj/PollControlCommandHandler.o ../../../Linky/SDK_2.6.3_JN5189DK6/middleware/wireless/zigbee/ZCL/Clusters/General/Source/PollControlCommandHandler.c
../../../Binaries/Linky_OM15081R2/obj/PollControlServerCommands.o ../../../Linky/SDK_2.6.3_JN5189DK6/middleware/wireless/zigbee/ZCL/Clusters/General/Source/PollControlServerCommands.c
../../../Binaries/Linky_OM15081R2/obj/PowerConfiguration.o ../../../Linky/SDK_2.6.3_JN5189DK6/middleware/wireless/zigbee/ZCL/Clusters/General/Source/PowerConfiguration.c
../../../Binaries/Linky_OM15081R2/obj/PowerProfile.o ../../../Linky/SDK_2.6.3_JN5189DK6/middleware/wireless/zigbee/ZCL/Clusters/General/Source/PowerProfile.c
../../../Binaries/Linky_OM15081R2/obj/PowerProfileClientCommands.o ../../../Linky/SDK_2.6.3_JN5189DK6/middleware/wireless/zigbee/ZCL/Clusters/General/Source/PowerProfileClientCommands.c
../../../Binaries/Linky_OM15081R2/obj/PowerProfileCommandHandler.o ../../../Linky/SDK_2.6.3_JN5189DK6/middleware/wireless/zigbee/ZCL/Clusters/General/Source/PowerProfileCommandHandler.c
../../../Binaries/Linky_OM15081R2/obj/PowerProfileServerCommands.o ../../../Linky/SDK_2.6.3_JN5189DK6/middleware/wireless/zigbee/ZCL/Clusters/General/Source/PowerProfileServerCommands.c
../../../Binaries/Linky_OM15081R2/obj/Scenes.o ../../../Linky/SDK_2.6.3_JN5189DK6/middleware/wireless/zigbee/ZCL/Clusters/General/Source/Scenes.c
../../../Binaries/Linky_OM15081R2/obj/ScenesClientCommands.o ../../../Linky/SDK_2.6.3_JN5189DK6/middleware/wireless/zigbee/ZCL/Clusters/General/Source/ScenesClientCommands.c
../../../Binaries/Linky_OM15081R2/obj/ScenesClusterManagement.o ../../../Linky/SDK_2.6.3_JN5189DK6/middleware/wireless/zigbee/ZCL/Clusters/General/Source/ScenesClusterManagement.c
../../../Binaries/Linky_OM15081R2/obj/ScenesCommandHandler.o ../../../Linky/SDK_2.6.3_JN5189DK6/middleware/wireless/zigbee/ZCL/Clusters/General/Source/ScenesCommandHandler.c
../../../Binaries/Linky_OM15081R2/obj/ScenesServerCommands.o ../../../Linky/SDK_2.6.3_JN5189DK6/middleware/wireless/zigbee/ZCL/Clusters/General/Source/ScenesServerCommands.c
../../../Binaries/Linky_OM15081R2/obj/ScenesTableManager.o ../../../Linky/SDK_2.6.3_JN5189DK6/middleware/wireless/zigbee/ZCL/Clusters/General/Source/ScenesTableManager.c
../../../Binaries/Linky_OM15081R2/obj/TC.o ../../../Linky/SDK_2.6.3_JN5189DK6/middleware/wireless/zigbee/ZCL/Clusters/General/Source/TC.c
../../../Binaries/Linky_OM15081R2/obj/Time.o ../../../Linky/SDK_2.6.3_JN5189DK6/middleware/wireless/zigbee/ZCL/Clusters/General/Source/Time.c
../../../Binaries/Linky_OM15081R2/obj/WWAH.o ../../../Linky/SDK_2.6.3_JN5189DK6/middleware/wireless/zigbee/ZCL/Clusters/General/Source/WWAH.c
../../../Binaries/Linky_OM15081R2/obj/WWAHClientCommands.o ../../../Linky/SDK_2.6.3_JN5189DK6/middleware/wireless/zigbee/ZCL/Clusters/General/Source/WWAHClientCommands.c
../../../Binaries/Linky_OM15081R2/obj/WWAHCommandHandler.o ../../../Linky/SDK_2.6.3_JN5189DK6/middleware/wireless/zigbee/ZCL/Clusters/General/Source/WWAHCommandHandler.c
../../../Binaries/Linky_OM15081R2/obj/WWAHServerCommands.o ../../../Linky/SDK_2.6.3_JN5189DK6/middleware/wireless/zigbee/ZCL/Clusters/General/Source/WWAHServerCommands.c
../../../Binaries/Linky_OM15081R2/obj/base_device.o ../../../Linky/SDK_2.6.3_JN5189DK6/middleware/wireless/zigbee/ZCL/Devices/ZHA/Generic/Source/base_device.c
../../../Binaries/Linky_OM15081R2/obj/mains_power_outlet.o ../../../Linky/SDK_2.6.3_JN5189DK6/middleware/wireless/zigbee/ZCL/Devices/ZHA/Generic/Source/mains_power_outlet.c
../../../Binaries/Linky_OM15081R2/obj/on_off_output.o ../../../Linky/SDK_2.6.3_JN5189DK6/middleware/wireless/zigbee/ZCL/Devices/ZHA/Generic/Source/on_off_output.c
../../../Binaries/Linky_OM15081R2/obj/plug_control.o ../../../Linky/SDK_2.6.3_JN5189DK6/middleware/wireless/zigbee/ZCL/Devices/ZHA/Generic/Source/plug_control.c
../../../Binaries/Linky_OM15081R2/obj/remote_control.o ../../../Linky/SDK_2.6.3_JN5189DK6/middleware/wireless/zigbee/ZCL/Devices/ZHA/Generic/Source/remote_control.c
../../../Binaries/Linky_OM15081R2/obj/simple_sensor.o ../../../Linky/SDK_2.6.3_JN5189DK6/middleware/wireless/zigbee/ZCL/Devices/ZHA/Generic/Source/simple_sensor.c
../../../Binaries/Linky_OM15081R2/obj/ConcentrationMeasurement.o ../../../Linky/SDK_2.6.3_JN5189DK6/middleware/wireless/zigbee/ZCL/Clusters/MeasurementAndSensing/Source/ConcentrationMeasurement.c
../../../Binaries/Linky_OM15081R2/obj/ElectricalMeasurement.o ../../../Linky/SDK_2.6.3_JN5189DK6/middleware/wireless/zigbee/ZCL/Clusters/MeasurementAndSensing/Source/ElectricalMeasurement.c
../../../Binaries/Linky_OM15081R2/obj/FlowMeasurement.o ../../../Linky/SDK_2.6.3_JN5189DK6/middleware/wireless/zigbee/ZCL/Clusters/MeasurementAndSensing/Source/FlowMeasurement.c
../../../Binaries/Linky_OM15081R2/obj/IlluminanceLevelSensing.o ../../../Linky/SDK_2.6.3_JN5189DK6/middleware/wireless/zigbee/ZCL/Clusters/MeasurementAndSensing/Source/IlluminanceLevelSensing.c
../../../Binaries/Linky_OM15081R2/obj/IlluminanceMeasurement.o ../../../Linky/SDK_2.6.3_JN5189DK6/middleware/wireless/zigbee/ZCL/Clusters/MeasurementAndSensing/Source/IlluminanceMeasurement.c
../../../Binaries/Linky_OM15081R2/obj/OccupancySensing.o ../../../Linky/SDK_2.6.3_JN5189DK6/middleware/wireless/zigbee/ZCL/Clusters/MeasurementAndSensing/Source/OccupancySensing.c
../../../Binaries/Linky_OM15081R2/obj/PressureMeasurement.o ../../../Linky/SDK_2.6.3_JN5189DK6/middleware/wireless/zigbee/ZCL/Clusters/MeasurementAndSensing/Source/PressureMeasurement.c
../../../Binaries/Linky_OM15081R2/obj/RelativeHumidityMeasurement.o ../../../Linky/SDK_2.6.3_JN5189DK6/middleware/wireless/zigbee/ZCL/Clusters/MeasurementAndSensing/Source/RelativeHumidityMeasurement.c
../../../Binaries/Linky_OM15081R2/obj/TemperatureMeasurement.o ../../../Linky/SDK_2.6.3_JN5189DK6/middleware/wireless/zigbee/ZCL/Clusters/MeasurementAndSensing/Source/TemperatureMeasurement.c
../../../Binaries/Linky_OM15081R2/obj/DRLC.o ../../../Linky/SDK_2.6.3_JN5189DK6/middleware/wireless/zigbee/ZCL/Clusters/SmartEnergy/Source/DRLC.c
../../../Binaries/Linky_OM15081R2/obj/DRLCCommandCanceAlllLoadControlEvents.o ../../../Linky/SDK_2.6.3_JN5189DK6/middleware/wireless/zigbee/ZCL/Clusters/SmartEnergy/Source/DRLCCommandCanceAlllLoadControlEvents.c
../../../Binaries/Linky_OM15081R2/obj/DRLCCommandCancelLoadControlEvent.o ../../../Linky/SDK_2.6.3_JN5189DK6/middleware/wireless/zigbee/ZCL/Clusters/SmartEnergy/Source/DRLCCommandCancelLoadControlEvent.c
../../../Binaries/Linky_OM15081R2/obj/DRLCCommandGetScheduledEvents.o ../../../Linky/SDK_2.6.3_JN5189DK6/middleware/wireless/zigbee/ZCL/Clusters/SmartEnergy/Source/DRLCCommandGetScheduledEvents.c
../../../Binaries/Linky_OM15081R2/obj/DRLCCommandHandler.o ../../../Linky/SDK_2.6.3_JN5189DK6/middleware/wireless/zigbee/ZCL/Clusters/SmartEnergy/Source/DRLCCommandHandler.c
../../../Binaries/Linky_OM15081R2/obj/DRLCCommandLoadControlEvent.o ../../../Linky/SDK_2.6.3_JN5189DK6/middleware/wireless/zigbee/ZCL/Clusters/SmartEnergy/Source/DRLCCommandLoadControlEvent.c
../../../Binaries/Linky_OM15081R2/obj/DRLCCommandReportEventStatus.o ../../../Linky/SDK_2.6.3_JN5189DK6/middleware/wireless/zigbee/ZCL/Clusters/SmartEnergy/Source/DRLCCommandReportEventStatus.c
../../../Binaries/Linky_OM15081R2/obj/DRLCCustomCommandResponsesClient.o ../../../Linky/SDK_2.6.3_JN5189DK6/middleware/wireless/zigbee/ZCL/Clusters/SmartEnergy/Source/DRLCCustomCommandResponsesClient.c
../../../Binaries/Linky_OM15081R2/obj/DRLCCustomCommandResponsesServer.o ../../../Linky/SDK_2.6.3_JN5189DK6/middleware/wireless/zigbee/ZCL/Clusters/SmartEnergy/Source/DRLCCustomCommandResponsesServer.c
../../../Binaries/Linky_OM15081R2/obj/DRLCEffectiveTime.o ../../../Linky/SDK_2.6.3_JN5189DK6/middleware/wireless/zigbee/ZCL/Clusters/SmartEnergy/Source/DRLCEffectiveTime.c
../../../Binaries/Linky_OM15081R2/obj/DRLCScheduler.o ../../../Linky/SDK_2.6.3_JN5189DK6/middleware/wireless/zigbee/ZCL/Clusters/SmartEnergy/Source/DRLCScheduler.c
../../../Binaries/Linky_OM15081R2/obj/DRLCTableManagerNoMutex.o ../../../Linky/SDK_2.6.3_JN5189DK6/middleware/wireless/zigbee/ZCL/Clusters/SmartEnergy/Source/DRLCTableManagerNoMutex.c
../../../Binaries/Linky_OM15081R2/obj/DRLCTableManagerServer.o ../../../Linky/SDK_2.6.3_JN5189DK6/middleware/wireless/zigbee/ZCL/Clusters/SmartEnergy/Source/DRLCTableManagerServer.c
../../../Binaries/Linky_OM15081R2/obj/DRLCUserEventOptInOut.o ../../../Linky/SDK_2.6.3_JN5189DK6/middleware/wireless/zigbee/ZCL/Clusters/SmartEnergy/Source/DRLCUserEventOptInOut.c
../../../Binaries/Linky_OM15081R2/obj/Price.o ../../../Linky/SDK_2.6.3_JN5189DK6/middleware/wireless/zigbee/ZCL/Clusters/SmartEnergy/Source/Price.c
../../../Binaries/Linky_OM15081R2/obj/PriceBlockPeriodTableManager.o ../../../Linky/SDK_2.6.3_JN5189DK6/middleware/wireless/zigbee/ZCL/Clusters/SmartEnergy/Source/PriceBlockPeriodTableManager.c
../../../Binaries/Linky_OM15081R2/obj/PriceCalorificValueTableManager.o ../../../Linky/SDK_2.6.3_JN5189DK6/middleware/wireless/zigbee/ZCL/Clusters/SmartEnergy/Source/PriceCalorificValueTableManager.c
../../../Binaries/Linky_OM15081R2/obj/PriceCommandGetBlockPeriod.o ../../../Linky/SDK_2.6.3_JN5189DK6/middleware/wireless/zigbee/ZCL/Clusters/SmartEnergy/Source/PriceCommandGetBlockPeriod.c
../../../Binaries/Linky_OM15081R2/obj/PriceCommandGetCalorificValue.o ../../../Linky/SDK_2.6.3_JN5189DK6/middleware/wireless/zigbee/ZCL/Clusters/SmartEnergy/Source/PriceCommandGetCalorificValue.c
../../../Binaries/Linky_OM15081R2/obj/PriceCommandGetConversionFactor.o ../../../Linky/SDK_2.6.3_JN5189DK6/middleware/wireless/zigbee/ZCL/Clusters/SmartEnergy/Source/PriceCommandGetConversionFactor.c
../../../Binaries/Linky_OM15081R2/obj/PriceCommandGetCurrentPrice.o ../../../Linky/SDK_2.6.3_JN5189DK6/middleware/wireless/zigbee/ZCL/Clusters/SmartEnergy/Source/PriceCommandGetCurrentPrice.c
../../../Binaries/Linky_OM15081R2/obj/PriceCommandGetScheduledPrices.o ../../../Linky/SDK_2.6.3_JN5189DK6/middleware/wireless/zigbee/ZCL/Clusters/SmartEnergy/Source/PriceCommandGetScheduledPrices.c
../../../Binaries/Linky_OM15081R2/obj/PriceCommandPriceAck.o ../../../Linky/SDK_2.6.3_JN5189DK6/middleware/wireless/zigbee/ZCL/Clusters/SmartEnergy/Source/PriceCommandPriceAck.c
../../../Binaries/Linky_OM15081R2/obj/PriceCommandPublishBlockPeriod.o ../../../Linky/SDK_2.6.3_JN5189DK6/middleware/wireless/zigbee/ZCL/Clusters/SmartEnergy/Source/PriceCommandPublishBlockPeriod.c
../../../Binaries/Linky_OM15081R2/obj/PriceCommandPublishBlockPeriodReceive.o ../../../Linky/SDK_2.6.3_JN5189DK6/middleware/wireless/zigbee/ZCL/Clusters/SmartEnergy/Source/PriceCommandPublishBlockPeriodReceive.c
../../../Binaries/Linky_OM15081R2/obj/PriceCommandPublishCalorificValue.o ../../../Linky/SDK_2.6.3_JN5189DK6/middleware/wireless/zigbee/ZCL/Clusters/SmartEnergy/Source/PriceCommandPublishCalorificValue.c
../../../Binaries/Linky_OM15081R2/obj/PriceCommandPublishCalorificValueReceive.o ../../../Linky/SDK_2.6.3_JN5189DK6/middleware/wireless/zigbee/ZCL/Clusters/SmartEnergy/Source/PriceCommandPublishCalorificValueReceive.c
../../../Binaries/Linky_OM15081R2/obj/PriceCommandPublishConversionFactor.o ../../../Linky/SDK_2.6.3_JN5189DK6/middleware/wireless/zigbee/ZCL/Clusters/SmartEnergy/Source/PriceCommandPublishConversionFactor.c
../../../Binaries/Linky_OM15081R2/obj/PriceCommandPublishConversionFactorReceive.o ../../../Linky/SDK_2.6.3_JN5189DK6/middleware/wireless/zigbee/ZCL/Clusters/SmartEnergy/Source/PriceCommandPublishConversionFactorReceive.c
../../../Binaries/Linky_OM15081R2/obj/PriceCommandPublishPrice.o ../../../Linky/SDK_2.6.3_JN5189DK6/middleware/wireless/zigbee/ZCL/Clusters/SmartEnergy/Source/PriceCommandPublishPrice.c
../../../Binaries/Linky_OM15081R2/obj/PriceCommandPublishPriceReceive.o ../../../Linky/SDK_2.6.3_JN5189DK6/middleware/wireless/zigbee/ZCL/Clusters/SmartEnergy/Source/PriceCommandPublishPriceReceive.c
../../../Binaries/Linky_OM15081R2/obj/PriceConversionFactorTableManager.o ../../../Linky/SDK_2.6.3_JN5189DK6/middleware/wireless/zigbee/ZCL/Clusters/SmartEnergy/Source/PriceConversionFactorTableManager.c
../../../Binaries/Linky_OM15081R2/obj/PriceCustomCommandHandler.o ../../../Linky/SDK_2.6.3_JN5189DK6/middleware/wireless/zigbee/ZCL/Clusters/SmartEnergy/Source/PriceCustomCommandHandler.c
../../../Binaries/Linky_OM15081R2/obj/PriceCustomCommandResponses.o ../../../Linky/SDK_2.6.3_JN5189DK6/middleware/wireless/zigbee/ZCL/Clusters/SmartEnergy/Source/PriceCustomCommandResponses.c
../../../Binaries/Linky_OM15081R2/obj/PriceScheduler.o ../../../Linky/SDK_2.6.3_JN5189DK6/middleware/wireless/zigbee/ZCL/Clusters/SmartEnergy/Source/PriceScheduler.c
../../../Binaries/Linky_OM15081R2/obj/PriceServerAttributeManager.o ../../../Linky/SDK_2.6.3_JN5189DK6/middleware/wireless/zigbee/ZCL/Clusters/SmartEnergy/Source/PriceServerAttributeManager.c
../../../Binaries/Linky_OM15081R2/obj/PriceTableManager.o ../../../Linky/SDK_2.6.3_JN5189DK6/middleware/wireless/zigbee/ZCL/Clusters/SmartEnergy/Source/PriceTableManager.c
../../../Binaries/Linky_OM15081R2/obj/SimpleMetering.o ../../../Linky/SDK_2.6.3_JN5189DK6/middleware/wireless/zigbee/ZCL/Clusters/SmartEnergy/Source/SimpleMetering.c
../../../Binaries/Linky_OM15081R2/obj/SimpleMeteringCommandHandler.o ../../../Linky/SDK_2.6.3_JN5189DK6/middleware/wireless/zigbee/ZCL/Clusters/SmartEnergy/Source/SimpleMeteringCommandHandler.c
../../../Binaries/Linky_OM15081R2/obj/SimpleMetering_SendRequest.o ../../../Linky/SDK_2.6.3_JN5189DK6/middleware/wireless/zigbee/ZCL/Clusters/SmartEnergy/Source/SimpleMetering_SendRequest.c
../../../Binaries/Linky_OM15081R2/obj/linky_sensor.o ../../../Linky/SDK_2.6.3_JN5189DK6/middleware/wireless/zigbee/ZCL/Devices/ZHA/SmartEnergy/Source/linky_sensor.c
../../../Binaries/Linky_OM15081R2/obj/smart_plug.o ../../../Linky/SDK_2.6.3_JN5189DK6/middleware/wireless/zigbee/ZCL/Devices/ZHA/SmartEnergy/Source/smart_plug.c
../../../Binaries/Linky_OM15081R2/obj/dlist.o ../../../Linky/SDK_2.6.3_JN5189DK6/middleware/wireless/zigbee/ZCIF/Source/dlist.c
../../../Binaries/Linky_OM15081R2/obj/zcl.o ../../../Linky/SDK_2.6.3_JN5189DK6/middleware/wireless/zigbee/ZCIF/Source/zcl.c
../../../Binaries/Linky_OM15081R2/obj/zcl_CustomCommandReceive.o ../../../Linky/SDK_2.6.3_JN5189DK6/middleware/wireless/zigbee/ZCIF/Source/zcl_CustomCommandReceive.c
../../../Binaries/Linky_OM15081R2/obj/zcl_CustomCommandSend.o ../../../Linky/SDK_2.6.3_JN5189DK6/middleware/wireless/zigbee/ZCIF/Source/zcl_CustomCommandSend.c
../../../Binaries/Linky_OM15081R2/obj/zcl_PDUbufferReadWrite.o ../../../Linky/SDK_2.6.3_JN5189DK6/middleware/wireless/zigbee/ZCIF/Source/zcl_PDUbufferReadWrite.c
../../../Binaries/Linky_OM15081R2/obj/zcl_PDUbufferReadWriteString.o ../../../Linky/SDK_2.6.3_JN5189DK6/middleware/wireless/zigbee/ZCIF/Source/zcl_PDUbufferReadWriteString.c
../../../Binaries/Linky_OM15081R2/obj/zcl_WriteAttributesRequestHandle.o ../../../Linky/SDK_2.6.3_JN5189DK6/middleware/wireless/zigbee/ZCIF/Source/zcl_WriteAttributesRequestHandle.c
../../../Binaries/Linky_OM15081R2/obj/zcl_WriteAttributesRequestSend.o ../../../Linky/SDK_2.6.3_JN5189DK6/middleware/wireless/zigbee/ZCIF/Source/zcl_WriteAttributesRequestSend.c
../../../Binaries/Linky_OM15081R2/obj/zcl_WriteAttributesResponseHandle.o ../../../Linky/SDK_2.6.3_JN5189DK6/middleware/wireless/zigbee/ZCIF/Source/zcl_WriteAttributesResponseHandle.c
../../../Binaries/Linky_OM15081R2/obj/zcl_attribute.o ../../../Linky/SDK_2.6.3_JN5189DK6/middleware/wireless/zigbee/ZCIF/Source/zcl_attribute.c
../../../Binaries/Linky_OM15081R2/obj/zcl_buffer.o ../../../Linky/SDK_2.6.3_JN5189DK6/middleware/wireless/zigbee/ZCIF/Source/zcl_buffer.c
../../../Binaries/Linky_OM15081R2/obj/zcl_clusterCommand.o ../../../Linky/SDK_2.6.3_JN5189DK6/middleware/wireless/zigbee/ZCIF/Source/zcl_clusterCommand.c
../../../Binaries/Linky_OM15081R2/obj/zcl_command.o ../../../Linky/SDK_2.6.3_JN5189DK6/middleware/wireless/zigbee/ZCIF/Source/zcl_command.c
../../../Binaries/Linky_OM15081R2/obj/zcl_common.o ../../../Linky/SDK_2.6.3_JN5189DK6/middleware/wireless/zigbee/ZCIF/Source/zcl_common.c
../../../Binaries/Linky_OM15081R2/obj/zcl_configureReportingCommandHandle.o ../../../Linky/SDK_2.6.3_JN5189DK6/middleware/wireless/zigbee/ZCIF/Source/zcl_configureReportingCommandHandle.c
../../../Binaries/Linky_OM15081R2/obj/zcl_configureReportingCommandSend.o ../../../Linky/SDK_2.6.3_JN5189DK6/middleware/wireless/zigbee/ZCIF/Source/zcl_configureReportingCommandSend.c
../../../Binaries/Linky_OM15081R2/obj/zcl_configureReportingResponseHandle.o ../../../Linky/SDK_2.6.3_JN5189DK6/middleware/wireless/zigbee/ZCIF/Source/zcl_configureReportingResponseHandle.c
../../../Binaries/Linky_OM15081R2/obj/zcl_defaultResponse.o ../../../Linky/SDK_2.6.3_JN5189DK6/middleware/wireless/zigbee/ZCIF/Source/zcl_defaultResponse.c
../../../Binaries/Linky_OM15081R2/obj/zcl_discoverAttributesExtendedRequestHandle.o ../../../Linky/SDK_2.6.3_JN5189DK6/middleware/wireless/zigbee/ZCIF/Source/zcl_discoverAttributesExtendedRequestHandle.c
../../../Binaries/Linky_OM15081R2/obj/zcl_discoverAttributesExtendedRequestSend.o ../../../Linky/SDK_2.6.3_JN5189DK6/middleware/wireless/zigbee/ZCIF/Source/zcl_discoverAttributesExtendedRequestSend.c
../../../Binaries/Linky_OM15081R2/obj/zcl_discoverAttributesExtendedResponseHandle.o ../../../Linky/SDK_2.6.3_JN5189DK6/middleware/wireless/zigbee/ZCIF/Source/zcl_discoverAttributesExtendedResponseHandle.c
../../../Binaries/Linky_OM15081R2/obj/zcl_discoverAttributesRequestHandle.o ../../../Linky/SDK_2.6.3_JN5189DK6/middleware/wireless/zigbee/ZCIF/Source/zcl_discoverAttributesRequestHandle.c
../../../Binaries/Linky_OM15081R2/obj/zcl_discoverAttributesRequestSend.o ../../../Linky/SDK_2.6.3_JN5189DK6/middleware/wireless/zigbee/ZCIF/Source/zcl_discoverAttributesRequestSend.c
../../../Binaries/Linky_OM15081R2/obj/zcl_discoverAttributesResponseHandle.o ../../../Linky/SDK_2.6.3_JN5189DK6/middleware/wireless/zigbee/ZCIF/Source/zcl_discoverAttributesResponseHandle.c
../../../Binaries/Linky_OM15081R2/obj/zcl_discoverCommandsRequestHandle.o ../../../Linky/SDK_2.6.3_JN5189DK6/middleware/wireless/zigbee/ZCIF/Source/zcl_discoverCommandsRequestHandle.c
../../../Binaries/Linky_OM15081R2/obj/zcl_discoverCommandsRequestSend.o ../../../Linky/SDK_2.6.3_JN5189DK6/middleware/wireless/zigbee/ZCIF/Source/zcl_discoverCommandsRequestSend.c
../../../Binaries/Linky_OM15081R2/obj/zcl_discoverCommandsResponseHandle.o ../../../Linky/SDK_2.6.3_JN5189DK6/middleware/wireless/zigbee/ZCIF/Source/zcl_discoverCommandsResponseHandle.c
../../../Binaries/Linky_OM15081R2/obj/zcl_event.o ../../../Linky/SDK_2.6.3_JN5189DK6/middleware/wireless/zigbee/ZCIF/Source/zcl_event.c
../../../Binaries/Linky_OM15081R2/obj/zcl_heap.o ../../../Linky/SDK_2.6.3_JN5189DK6/middleware/wireless/zigbee/ZCIF/Source/zcl_heap.c
../../../Binaries/Linky_OM15081R2/obj/zcl_library_options.o ../../../Linky/SDK_2.6.3_JN5189DK6/middleware/wireless/zigbee/ZCIF/Source/zcl_library_options.c
../../../Binaries/Linky_OM15081R2/obj/zcl_readAttributesRequestHandle.o ../../../Linky/SDK_2.6.3_JN5189DK6/middleware/wireless/zigbee/ZCIF/Source/zcl_readAttributesRequestHandle.c
../../../Binaries/Linky_OM15081R2/obj/zcl_readAttributesRequestSend.o ../../../Linky/SDK_2.6.3_JN5189DK6/middleware/wireless/zigbee/ZCIF/Source/zcl_readAttributesRequestSend.c
../../../Binaries/Linky_OM15081R2/obj/zcl_readAttributesResponseHandle.o ../../../Linky/SDK_2.6.3_JN5189DK6/middleware/wireless/zigbee/ZCIF/Source/zcl_readAttributesResponseHandle.c
../../../Binaries/Linky_OM15081R2/obj/zcl_readReportingConfigurationCommandHandle.o ../../../Linky/SDK_2.6.3_JN5189DK6/middleware/wireless/zigbee/ZCIF/Source/zcl_readReportingConfigurationCommandHandle.c
../../../Binaries/Linky_OM15081R2/obj/zcl_readReportingConfigurationCommandSend.o ../../../Linky/SDK_2.6.3_JN5189DK6/middleware/wireless/zigbee/ZCIF/Source/zcl_readReportingConfigurationCommandSend.c
../../../Binaries/Linky_OM15081R2/obj/zcl_readReportingConfigurationResponseHandle.o ../../../Linky/SDK_2.6.3_JN5189DK6/middleware/wireless/zigbee/ZCIF/Source/zcl_readReportingConfigurationResponseHandle.c
../../../Binaries/Linky_OM15081R2/obj/zcl_reportManager.o ../../../Linky/SDK_2.6.3_JN5189DK6/middleware/wireless/zigbee/ZCIF/Source/zcl_reportManager.c
../../../Binaries/Linky_OM15081R2/obj/zcl_reportMaths.o ../../../Linky/SDK_2.6.3_JN5189DK6/middleware/wireless/zigbee/ZCIF/Source/zcl_reportMaths.c
../../../Binaries/Linky_OM15081R2/obj/zcl_reportScheduler.o ../../../Linky/SDK_2.6.3_JN5189DK6/middleware/wireless/zigbee/ZCIF/Source/zcl_reportScheduler.c
../../../Binaries/Linky_OM15081R2/obj/zcl_reportStringHandling.o ../../../Linky/SDK_2.6.3_JN5189DK6/middleware/wireless/zigbee/ZCIF/Source/zcl_reportStringHandling.c
../../../Binaries/Linky_OM15081R2/obj/zcl_reportStructure.o ../../../Linky/SDK_2.6.3_JN5189DK6/middleware/wireless/zigbee/ZCIF/Source/zcl_reportStructure.c
../../../Binaries/Linky_OM15081R2/obj/zcl_search.o ../../../Linky/SDK_2.6.3_JN5189DK6/middleware/wireless/zigbee/ZCIF/Source/zcl_search.c
../../../Binaries/Linky_OM15081R2/obj/zcl_timer.o ../../../Linky/SDK_2.6.3_JN5189DK6/middleware/wireless/zigbee/ZCIF/Source/zcl_timer.c
../../../Binaries/Linky_OM15081R2/obj/zcl_transmit.o ../../../Linky/SDK_2.6.3_JN5189DK6/middleware/wireless/zigbee/ZCIF/Source/zcl_transmit.c
../../../Binaries/Linky_OM15081R2/obj/bdb_fr.o ../../../Linky/SDK_2.6.3_JN5189DK6/middleware/wireless/zigbee/BDB/Source/Common/bdb_fr.c
../../../Binaries/Linky_OM15081R2/obj/bdb_start.o ../../../Linky/SDK_2.6.3_JN5189DK6/middleware/wireless/zigbee/BDB/Source/Common/bdb_start.c
../../../Binaries/Linky_OM15081R2/obj/bdb_state_machine.o ../../../Linky/SDK_2.6.3_JN5189DK6/middleware/wireless/zigbee/BDB/Source/Common/bdb_state_machine.c
../../../Binaries/Linky_OM15081R2/obj/bdb_ns.o ../../../Linky/SDK_2.6.3_JN5189DK6/middleware/wireless/zigbee/BDB/Source/NwkSteering/bdb_ns.c
../../../Binaries/Linky_OM15081R2/obj/bdb_fb_common.o ../../../Linky/SDK_2.6.3_JN5189DK6/middleware/wireless/zigbee/BDB/Source/FindAndBind/bdb_fb_common.c
../../../Binaries/Linky_OM15081R2/obj/bdb_fb_initiator.o ../../../Linky/SDK_2.6.3_JN5189DK6/middleware/wireless/zigbee/BDB/Source/FindAndBind/bdb_fb_initiator.c
../../../Binaries/Linky_OM15081R2/obj/App_Linky.o ../../../Linky/Source/App_Linky.c
